[2010-05-05 15:11:04]:服务器已经启动服务器的端口:8888
[2010-05-05 15:11:13]:用户张飞(001)上线了

[2010-05-05 15:11:24]:用户关羽(002)上线了

[2010-05-05 15:11:32]:用户赵云(003)上线了

[2010-05-05 15:14:20]:服务器已经关闭
[2010-05-05 15:14:26]:用户关羽(002)下线了

[2010-05-05 15:14:27]:用户赵云(003)下线了

[2010-05-05 15:14:28]:用户张飞(001)下线了

[2010-05-05 15:35:01]:服务器已经启动服务器的端口:8888
[2010-05-05 15:45:19]:服务器已经启动服务器的端口:8888
[2010-05-05 15:45:37]:用户张飞(001)上线了

[2010-05-05 16:23:49]:服务器已经启动服务器的端口:8888
[2010-05-05 16:23:59]:用户关羽(002)上线了

[2010-05-05 16:25:19]:用户关羽(002)下线了

[2010-05-05 16:26:04]:用户赵云(003)上线了

[2010-05-05 16:27:55]:用户张飞(001)上线了

[2010-05-05 18:34:15]:服务器已经启动服务器的端口:8888
[2010-05-05 18:53:59]:服务器已经启动服务器的端口:8888
[2010-05-05 18:54:12]:用户张飞(001)上线了

[2010-05-05 19:02:51]:服务器已经启动服务器的端口:8888
[2010-05-05 19:03:02]:用户张飞(001)上线了

[2010-05-05 19:04:36]:服务器已经启动服务器的端口:8888
[2010-05-05 19:04:46]:用户张飞(001)上线了

[2010-05-05 19:04:53]:用户张飞(001)下线了

[2010-05-05 19:30:20]:服务器已经启动服务器的端口:8888
[2010-05-05 19:49:03]:服务器已经启动服务器的端口:8888
[2010-05-05 19:49:15]:用户张飞(001)上线了

[2010-05-05 19:49:32]:用户关羽(002)上线了

[2010-05-05 19:51:59]:服务器已经关闭
[2010-05-05 19:52:16]:服务器已经启动服务器的端口:8888
[2010-05-05 19:53:57]:服务器已经启动服务器的端口:8888
[2010-05-05 19:54:54]:服务器已经启动服务器的端口:8888
[2010-05-05 19:55:53]:服务器已经关闭
[2010-05-05 20:13:02]:服务器已经启动服务器的端口:8888
[2010-05-05 20:13:04]:服务器已经关闭
[2010-05-05 20:13:05]:服务器已经启动服务器的端口:8888
[2010-05-05 20:13:06]:服务器已经关闭
[2010-05-05 20:13:10]:服务器已经启动服务器的端口:8888
[2010-05-05 20:13:10]:服务器已经关闭
[2010-05-05 20:13:11]:服务器已经启动服务器的端口:8888
[2010-05-05 20:16:37]:服务器已经启动服务器的端口:8888
[2010-05-05 20:17:12]:服务器已经关闭
[2010-05-05 20:17:13]:服务器已经启动服务器的端口:8888
[2010-05-05 20:19:07]:服务器已经启动服务器的端口:8888
[2010-05-05 20:21:29]:服务器已经启动服务器的端口:8888
[2010-05-05 20:22:21]:服务器已经启动服务器的端口:8888
[2010-05-05 20:22:51]:用户张飞(001)上线了

[2010-05-05 20:23:19]:服务器已经启动服务器的端口:8888
[2010-05-05 20:23:28]:用户张飞(001)上线了

[2010-05-05 20:24:45]:服务器已经关闭
[2010-05-05 20:24:54]:服务器已经启动服务器的端口:8888
[2010-05-05 20:25:02]:用户张飞(001)上线了

[2010-05-05 20:25:11]:用户关羽(002)上线了

[2010-05-05 20:26:49]:服务器已经关闭
[2010-05-05 20:26:52]:用户张飞(001)下线了

[2010-05-05 20:26:53]:用户关羽(002)下线了

[2010-05-05 20:28:11]:服务器已经启动服务器的端口:8888
[2010-05-05 20:28:43]:服务器已经关闭
[2010-05-05 20:28:58]:服务器已经启动服务器的端口:8888
[2010-05-05 21:21:47]:服务器已经启动服务器的端口:8888
[2010-05-05 21:21:59]:用户a(011)上线了

[2010-05-05 21:25:37]:服务器已经启动服务器的端口:8888
[2010-05-05 21:25:52]:用户a(011)上线了

[2010-05-05 21:28:54]:服务器已经启动服务器的端口:8888
[2010-05-05 21:29:02]:用户a(011)上线了

[2010-05-05 21:31:50]:用户张飞(001)上线了

[2010-05-05 21:33:31]:服务器已经启动服务器的端口:8888
[2010-05-05 21:33:48]:服务器已经关闭
[2010-05-05 21:34:37]:服务器已经启动服务器的端口:8888
[2010-05-05 21:34:45]:用户a(011)上线了

[2010-05-05 21:35:04]:服务器已经启动服务器的端口:8888
[2010-05-05 21:35:12]:用户张飞(001)上线了

[2010-05-05 21:35:24]:用户a(011)上线了

[2010-05-05 21:35:34]:用户a(011)下线了

[2010-05-05 21:37:44]:用户张飞(001)下线了

[2010-05-05 21:40:43]:服务器已经启动服务器的端口:8888
[2010-05-05 21:40:51]:用户司马(011)上线了

[2010-05-05 21:41:05]:用户司马(011)下线了

[2010-05-05 21:41:50]:服务器已经关闭
[2010-05-05 21:41:56]:服务器已经启动服务器的端口:8888
[2010-05-05 21:42:06]:用户司马(011)上线了

[2010-05-05 21:42:15]:用户司马(011)下线了

[2010-05-05 21:43:10]:服务器已经启动服务器的端口:8888
[2010-05-05 21:43:19]:服务器已经启动服务器的端口:8888
[2010-05-05 21:43:53]:服务器已经启动服务器的端口:8888
[2010-05-05 21:44:01]:用户司马(011)上线了

[2010-05-05 21:44:20]:用户司马(011)下线了

[2010-05-05 21:44:36]:服务器已经启动服务器的端口:8888
[2010-05-05 21:47:05]:服务器已经关闭
[2010-05-05 21:47:12]:服务器已经启动服务器的端口:8888
[2010-05-05 21:47:51]:服务器已经启动服务器的端口:8888
[2010-05-05 21:47:59]:用户马懿(011)上线了

[2010-05-05 21:48:12]:用户马懿(011)下线了

