[2010-05-09 13:00:29]:服务器已经启动服务器的端口:8888
[2010-05-09 13:07:38]:服务器已经启动服务器的端口:8888
[2010-05-09 13:08:21]:用户张飞(001)上线了

[2010-05-09 13:08:51]:服务器已经关闭
[2010-05-09 13:08:53]:用户张飞(001)下线了

[2010-05-09 13:08:58]:服务器已经启动服务器的端口:8888
[2010-05-09 13:09:01]:服务器已经关闭
[2010-05-09 13:31:31]:服务器已经启动服务器的端口:8888
[2010-05-09 13:35:44]:服务器已经启动服务器的端口:8888
[2010-05-09 13:35:51]:用户张飞(001)上线了

[2010-05-09 13:36:32]:用户张飞(001)下线了

[2010-05-09 13:36:38]:服务器已经关闭
[2010-05-09 13:41:03]:服务器已经启动服务器的端口:8888
[2010-05-09 13:43:57]:服务器已经启动服务器的端口:8888
[2010-05-09 13:44:07]:用户张飞(001)上线了

[2010-05-09 13:45:01]:服务器已经启动服务器的端口:8888
[2010-05-09 13:45:08]:用户张飞asd(001)上线了

[2010-05-09 13:45:58]:服务器已经启动服务器的端口:8888
[2010-05-09 13:46:04]:用户张飞(001)上线了

[2010-05-09 13:46:26]:用户关羽(002)上线了

[2010-05-09 13:47:33]:服务器已经启动服务器的端口:8888
[2010-05-09 13:47:41]:用户张飞aaa(001)上线了

[2010-05-09 13:47:47]:用户关羽(002)上线了

[2010-05-09 13:47:56]:用户赵云(003)上线了

[2010-05-09 13:48:22]:用户关羽(002)下线了

[2010-05-09 13:48:24]:用户赵云(003)下线了

[2010-05-09 13:48:27]:用户张飞aaa(001)下线了

[2010-05-09 15:14:18]:服务器已经启动服务器的端口:8888
[2010-05-09 15:14:27]:用户张飞aaa(001)上线了

[2010-05-09 15:17:02]:服务器已经关闭
[2010-05-09 15:17:05]:服务器已经启动服务器的端口:8888
[2010-05-09 15:17:26]:用户关羽(002)上线了

[2010-05-09 15:17:57]:用户典韦(006)上线了

[2010-05-09 15:18:45]:用户关羽(002)下线了

[2010-05-09 15:18:54]:用户典韦(006)下线了

[2010-05-09 15:27:27]:服务器已经启动服务器的端口:8888
[2010-05-09 15:27:39]:用户张飞(001)上线了

[2010-05-09 15:27:46]:服务器已经关闭
[2010-05-09 15:35:02]:服务器已经启动服务器的端口:8888
[2010-05-09 15:35:10]:用户张飞(001)上线了

[2010-05-09 15:42:55]:服务器已经关闭
[2010-05-09 15:59:03]:服务器已经启动服务器的端口:8888
[2010-05-09 15:59:09]:服务器已经关闭
[2010-05-09 15:59:09]:服务器已经启动服务器的端口:8888
[2010-05-09 15:59:12]:服务器已经关闭
