[2010-05-07 07:57:38]:服务器已经启动服务器的端口:8888
[2010-05-07 07:57:50]:用户张飞(001)上线了

[2010-05-07 07:58:03]:用户关羽(002)上线了

[2010-05-07 08:06:39]:用户赵云(003)上线了

[2010-05-07 08:14:40]:用户诸葛亮(005)上线了

[2010-05-07 08:15:27]:用户典韦(006)上线了

[2010-05-07 08:31:36]:服务器已经关闭
[2010-05-07 09:08:33]:服务器已经启动服务器的端口:8888
[2010-05-07 09:08:40]:用户张飞(001)上线了

[2010-05-07 09:08:51]:用户关羽(002)上线了

[2010-05-07 09:17:30]:用户张飞(001)上线了

[2010-05-07 09:20:13]:用户关羽(002)上线了

[2010-05-07 09:21:56]:服务器已经关闭
[2010-05-07 09:21:58]:用户张飞asddsdsa(001)下线了

[2010-05-07 09:22:00]:用户关羽(002)下线了

[2010-05-07 09:25:23]:服务器已经启动服务器的端口:8888
[2010-05-07 09:25:25]:用户张飞asddsdsa(001)上线了

[2010-05-07 09:25:34]:用户关羽(002)上线了

[2010-05-07 09:26:41]:用户赵云(003)上线了

[2010-05-07 09:28:21]:服务器已经启动服务器的端口:8888
[2010-05-07 09:28:29]:用户张飞(001)上线了

[2010-05-07 09:28:40]:用户关羽(002)上线了

[2010-05-07 09:29:36]:服务器已经启动服务器的端口:8888
[2010-05-07 09:29:44]:用户张飞(001)上线了

[2010-05-07 09:30:47]:用户关羽(002)上线了

[2010-05-07 09:31:38]:服务器已经启动服务器的端口:8888
[2010-05-07 09:31:44]:用户张飞asd(001)上线了

[2010-05-07 09:32:03]:用户关羽(002)上线了

[2010-05-07 09:40:27]:服务器已经启动服务器的端口:8888
[2010-05-07 09:40:35]:用户张飞(001)上线了

[2010-05-07 09:41:39]:服务器已经启动服务器的端口:8888
[2010-05-07 09:41:48]:用户张飞asd(001)上线了

[2010-05-07 09:44:48]:服务器已经启动服务器的端口:8888
[2010-05-07 09:44:57]:用户张飞(001)上线了

[2010-05-07 09:49:22]:服务器已经启动服务器的端口:8888
[2010-05-07 09:49:49]:用户张飞(001)上线了

[2010-05-07 09:54:32]:服务器已经启动服务器的端口:8888
[2010-05-07 09:54:44]:用户张飞abc(001)上线了

[2010-05-07 09:55:12]:服务器已经启动服务器的端口:8888
[2010-05-07 09:55:26]:用户张飞abc(001)上线了

[2010-05-07 10:06:33]:服务器已经启动服务器的端口:8888
[2010-05-07 10:06:40]:用户张飞(001)上线了

[2010-05-07 10:09:09]:服务器已经启动服务器的端口:8888
[2010-05-07 10:09:18]:用户张飞abc(001)上线了

[2010-05-07 10:10:36]:服务器已经启动服务器的端口:8888
[2010-05-07 10:10:52]:服务器已经启动服务器的端口:8888
[2010-05-07 10:10:59]:用户张飞(001)上线了

[2010-05-07 10:13:37]:服务器已经启动服务器的端口:8888
[2010-05-07 10:13:45]:用户张飞abc(001)上线了

[2010-05-07 10:15:30]:服务器已经启动服务器的端口:8888
[2010-05-07 10:17:20]:用户张飞(001)上线了

[2010-05-07 10:33:32]:服务器已经启动服务器的端口:8888
[2010-05-07 10:33:39]:用户张飞abc(001)上线了

[2010-05-07 10:39:45]:服务器已经启动服务器的端口:8888
[2010-05-07 10:40:09]:用户张飞(001)上线了

[2010-05-07 10:41:08]:服务器已经启动服务器的端口:8888
[2010-05-07 10:41:25]:用户张飞ABS(001)上线了

[2010-05-07 10:43:26]:服务器已经启动服务器的端口:8888
[2010-05-07 10:43:36]:用户张飞(001)上线了

[2010-05-07 10:58:14]:服务器已经启动服务器的端口:8888
[2010-05-07 10:58:24]:用户张飞AS(001)上线了

[2010-05-07 11:03:33]:用户关羽(002)上线了

[2010-05-07 11:11:38]:用户赵云(003)上线了

[2010-05-07 11:31:11]:服务器已经启动服务器的端口:8888
[2010-05-07 11:31:24]:用户张飞Aba(001)上线了

[2010-05-07 11:40:23]:服务器已经启动服务器的端口:8888
[2010-05-07 11:40:30]:用户张飞A(001)上线了

[2010-05-07 11:42:08]:服务器已经启动服务器的端口:8888
[2010-05-07 11:42:17]:用户张飞(001)上线了

[2010-05-07 11:42:29]:用户关羽a(002)上线了

[2010-05-07 11:46:20]:服务器已经启动服务器的端口:8888
[2010-05-07 11:46:29]:用户张飞(001)上线了

[2010-05-07 11:46:39]:用户关羽(002)上线了

[2010-05-07 11:50:11]:服务器已经启动服务器的端口:8888
[2010-05-07 11:50:20]:用户张飞aaaa(001)上线了

[2010-05-07 11:50:40]:用户关羽(002)上线了

[2010-05-07 11:55:11]:服务器已经启动服务器的端口:8888
[2010-05-07 11:55:18]:用户张飞(001)上线了

[2010-05-07 12:04:02]:服务器已经启动服务器的端口:8888
[2010-05-07 12:05:29]:用户张飞adsadsad(001)上线了

[2010-05-07 13:40:14]:服务器已经启动服务器的端口:8888
[2010-05-07 13:58:40]:服务器已经启动服务器的端口:8888
[2010-05-07 13:58:46]:用户张飞adsadsad(001)上线了

[2010-05-07 14:03:34]:服务器已经启动服务器的端口:8888
[2010-05-07 14:03:40]:用户张飞(001)上线了

[2010-05-07 14:06:44]:用户关羽(002)上线了

[2010-05-07 14:11:12]:服务器已经启动服务器的端口:8888
[2010-05-07 14:11:20]:用户张飞d(001)上线了

[2010-05-07 14:12:38]:服务器已经启动服务器的端口:8888
[2010-05-07 14:12:46]:用户张飞d(001)上线了

[2010-05-07 14:14:28]:服务器已经启动服务器的端口:8888
[2010-05-07 14:14:33]:用户张飞d(001)上线了

[2010-05-07 14:16:10]:服务器已经启动服务器的端口:8888
[2010-05-07 14:16:15]:用户张飞(001)上线了

[2010-05-07 14:17:34]:服务器已经启动服务器的端口:8888
[2010-05-07 14:17:40]:用户张飞(001)上线了

[2010-05-07 14:18:39]:服务器已经启动服务器的端口:8888
[2010-05-07 14:18:43]:用户张飞(001)上线了

[2010-05-07 14:22:41]:服务器已经启动服务器的端口:8888
[2010-05-07 14:22:48]:用户张飞a(001)上线了

[2010-05-07 14:24:23]:服务器已经启动服务器的端口:8888
[2010-05-07 14:24:29]:用户张飞(001)上线了

[2010-05-07 14:25:39]:服务器已经启动服务器的端口:8888
[2010-05-07 14:25:46]:用户张飞a(001)上线了

[2010-05-07 14:28:14]:服务器已经启动服务器的端口:8888
[2010-05-07 14:28:21]:用户张飞(001)上线了

[2010-05-07 14:33:04]:服务器已经启动服务器的端口:8888
[2010-05-07 14:33:11]:用户张飞a(001)上线了

[2010-05-07 14:35:25]:服务器已经启动服务器的端口:8888
[2010-05-07 14:35:35]:用户张飞a(001)上线了

[2010-05-07 14:36:29]:服务器已经启动服务器的端口:8888
[2010-05-07 14:36:35]:用户张飞a(001)上线了

[2010-05-07 14:37:01]:用户张飞a(001)上线了

[2010-05-07 14:37:57]:用户张飞a(001)上线了

[2010-05-07 14:39:00]:服务器已经启动服务器的端口:8888
[2010-05-07 14:39:05]:用户张飞aa(001)上线了

[2010-05-07 14:40:53]:服务器已经启动服务器的端口:8888
[2010-05-07 14:40:57]:用户张飞aa(001)上线了

[2010-05-07 14:42:29]:服务器已经启动服务器的端口:8888
[2010-05-07 14:42:37]:用户张飞(001)上线了

[2010-05-07 14:43:06]:服务器已经启动服务器的端口:8888
[2010-05-07 14:43:13]:用户张飞(001)上线了

[2010-05-07 14:44:41]:服务器已经启动服务器的端口:8888
[2010-05-07 14:44:45]:用户张飞(001)上线了

[2010-05-07 14:45:53]:服务器已经启动服务器的端口:8888
[2010-05-07 14:45:58]:用户a张飞(001)上线了

[2010-05-07 14:50:50]:服务器已经启动服务器的端口:8888
[2010-05-07 14:50:58]:用户张飞(001)上线了

[2010-05-07 14:52:53]:服务器已经启动服务器的端口:8888
[2010-05-07 14:52:57]:用户张(001)上线了

[2010-05-07 14:59:26]:服务器已经启动服务器的端口:8888
[2010-05-07 14:59:31]:用户张a(001)上线了

[2010-05-07 15:03:05]:服务器已经启动服务器的端口:8888
[2010-05-07 15:03:10]:用户张(001)上线了

[2010-05-07 15:06:41]:服务器已经启动服务器的端口:8888
[2010-05-07 15:06:45]:用户张a(001)上线了

[2010-05-07 15:08:22]:服务器已经启动服务器的端口:8888
[2010-05-07 15:08:28]:用户张(001)上线了

[2010-05-07 15:10:13]:服务器已经启动服务器的端口:8888
[2010-05-07 15:10:16]:用户张a(001)上线了

[2010-05-07 15:11:58]:服务器已经启动服务器的端口:8888
[2010-05-07 15:12:06]:用户张(001)上线了

[2010-05-07 15:12:29]:用户关羽(002)上线了

[2010-05-07 15:15:41]:服务器已经启动服务器的端口:8888
[2010-05-07 15:32:14]:服务器已经启动服务器的端口:8888
[2010-05-07 15:32:21]:用户张aa(001)上线了

[2010-05-07 15:32:51]:用户关羽(002)上线了

[2010-05-07 16:11:26]:服务器已经启动服务器的端口:8888
[2010-05-07 16:11:32]:用户张(001)上线了

[2010-05-07 16:11:41]:用户关羽(002)上线了

[2010-05-07 16:15:14]:服务器已经启动服务器的端口:8888
