[2010-05-10 08:59:58]:服务器已经启动服务器的端口:8888
[2010-05-10 09:00:12]:用户关羽(002)上线了

[2010-05-10 09:00:20]:用户诸葛亮(005)上线了

[2010-05-10 09:00:29]:服务器已经关闭
[2010-05-10 09:00:33]:用户关羽(002)下线了

[2010-05-10 09:00:52]:服务器已经启动服务器的端口:8888
[2010-05-10 09:01:01]:用户张飞(001)上线了

[2010-05-10 09:01:08]:用户关羽(002)上线了

[2010-05-10 09:02:26]:用户张飞a(001)下线了

[2010-05-10 09:02:28]:服务器已经关闭
[2010-05-10 09:05:58]:服务器已经启动服务器的端口:8888
[2010-05-10 09:06:06]:用户张飞a(001)上线了

[2010-05-10 09:06:19]:用户关羽(002)上线了

[2010-05-10 09:07:41]:服务器已经关闭
[2010-05-10 09:07:43]:用户张飞a(001)下线了

[2010-05-10 09:08:21]:服务器已经启动服务器的端口:8888
[2010-05-10 09:08:27]:用户张飞a(001)上线了

[2010-05-10 09:08:34]:用户关羽(002)上线了

[2010-05-10 09:08:40]:服务器已经关闭
[2010-05-10 09:08:42]:用户张飞a(001)下线了

[2010-05-10 09:08:44]:用户关羽(002)下线了

[2010-05-10 09:43:09]:服务器已经启动服务器的端口:8888
[2010-05-10 09:43:17]:用户张飞a(001)上线了

[2010-05-10 09:43:25]:用户关羽(002)上线了

[2010-05-10 09:43:52]:服务器已经关闭
[2010-05-10 09:43:54]:用户关羽(002)下线了

[2010-05-10 10:31:54]:服务器已经启动服务器的端口:8888
[2010-05-10 10:32:05]:用户张飞(001)上线了

[2010-05-10 10:32:14]:用户关羽(002)上线了

[2010-05-10 11:16:51]:服务器已经关闭
[2010-05-10 14:03:46]:服务器已经启动服务器的端口:8888
[2010-05-10 14:04:24]:用户张飞(001)上线了

[2010-05-10 14:06:12]:服务器已经关闭
[2010-05-10 14:06:14]:服务器已经启动服务器的端口:8888
[2010-05-10 15:59:15]:服务器已经启动服务器的端口:8888
[2010-05-10 15:59:23]:用户张飞(001)上线了

[2010-05-10 16:02:47]:服务器已经启动服务器的端口:8888
[2010-05-10 16:02:51]:用户张飞a(001)上线了

[2010-05-10 16:03:07]:用户张飞(001)下线了

[2010-05-10 16:27:39]:服务器已经关闭
[2010-05-10 16:42:59]:服务器已经启动服务器的端口:8888
[2010-05-10 16:43:46]:服务器已经启动服务器的端口:8888
[2010-05-10 16:44:58]:服务器已经启动服务器的端口:8888
[2010-05-10 16:45:36]:服务器已经启动服务器的端口:8888
[2010-05-10 16:54:19]:服务器已经启动服务器的端口:8888
[2010-05-10 16:54:46]:服务器已经启动服务器的端口:8888
[2010-05-10 18:44:19]:服务器已经启动服务器的端口:8888

[2010-05-10 18:44:20]:服务器已经关闭

[2010-05-10 18:44:21]:服务器已经启动服务器的端口:8888

[2010-05-10 18:44:21]:服务器已经关闭

[2010-05-10 18:46:52]:服务器已经启动服务器的端口:8888

[2010-05-10 18:47:06]:用户张飞(001)上线了

[2010-05-10 18:47:13]:用户关羽(002)上线了

[2010-05-10 18:47:57]:用户关羽(002)下线了

[2010-05-10 18:47:59]:用户张飞(001)下线了

[2010-05-10 18:49:22]:服务器已经关闭

[2010-05-10 18:51:55]:服务器已经启动服务器的端口:8888

[2010-05-10 18:52:03]:用户张飞(001)上线了

[2010-05-10 18:52:23]:用户关羽(002)上线了

[2010-05-10 18:55:15]:服务器已经关闭

[2010-05-10 18:55:22]:用户关羽(002)下线了

[2010-05-10 18:58:40]:服务器已经启动服务器的端口:8888

[2010-05-10 18:59:28]:服务器已经关闭

[2010-05-10 18:59:35]:服务器已经启动服务器的端口:8888

[2010-05-10 19:04:04]:服务器已经启动服务器的端口:8888

[2010-05-10 19:08:05]:服务器已经启动服务器的端口:8888

[2010-05-10 19:08:09]:服务器已经关闭

[2010-05-10 19:10:52]:服务器已经启动服务器的端口:8888

[2010-05-10 19:10:59]:服务器已经关闭

[2010-05-10 19:11:00]:服务器已经启动服务器的端口:8888

[2010-05-10 19:11:05]:服务器已经关闭

[2010-05-10 19:18:46]:服务器已经启动服务器的端口:8888

[2010-05-10 19:18:54]:用户张飞(001)上线了

[2010-05-10 19:19:03]:服务器已经关闭

[2010-05-10 20:14:06]:服务器已经启动服务器的端口:8888

[2010-05-10 20:14:17]:用户张飞(001)上线了

[2010-05-10 20:14:23]:用户关羽(002)上线了

[2010-05-10 20:14:43]:用户赵云(003)上线了

[2010-05-10 20:15:22]:用户魏延(004)上线了

[2010-05-10 20:16:09]:用户张飞a(001)下线了

[2010-05-10 20:16:14]:用户魏延(004)下线了

[2010-05-10 20:16:15]:服务器已经关闭

[2010-05-10 20:16:17]:用户关羽(002)下线了

[2010-05-10 20:16:19]:用户赵云(003)下线了

[2010-05-10 20:36:09]:服务器已经启动服务器的端口:8888

[2010-05-10 20:36:11]:服务器已经关闭

[2010-05-10 20:42:20]:服务器已经启动服务器的端口:8888

[2010-05-10 20:42:26]:用户张飞a(001)上线了

[2010-05-10 20:44:12]:服务器已经启动服务器的端口:8888

[2010-05-10 20:44:18]:用户张飞a(001)上线了

[2010-05-10 20:45:12]:服务器已经关闭

[2010-05-10 20:45:18]:用户张飞a(001)下线了

[2010-05-10 20:45:28]:服务器已经启动服务器的端口:8888

[2010-05-10 20:45:34]:用户张飞a(001)上线了

[2010-05-10 20:45:52]:用户关羽(002)上线了

[2010-05-10 20:48:34]:用户赵云(003)上线了

[2010-05-10 20:52:15]:服务器已经关闭

[2010-05-10 20:52:23]:服务器已经启动服务器的端口:8888

[2010-05-10 20:52:33]:用户张飞(001)上线了

[2010-05-10 20:52:40]:用户关羽(002)上线了

[2010-05-10 20:53:03]:用户赵云(003)上线了

[2010-05-10 20:57:44]:服务器已经启动服务器的端口:8888

[2010-05-10 20:57:50]:用户张飞a(001)上线了

[2010-05-10 20:57:59]:用户关羽(002)上线了

[2010-05-10 20:58:14]:用户赵云(003)上线了

[2010-05-10 21:00:12]:用户魏延(004)上线了

[2010-05-10 21:02:35]:服务器已经关闭

[2010-05-10 21:03:50]:服务器已经启动服务器的端口:8888

[2010-05-10 21:04:05]:服务器已经关闭

[2010-05-10 21:05:21]:服务器已经启动服务器的端口:8888

[2010-05-10 21:05:26]:用户张飞(001)上线了

[2010-05-10 21:05:34]:用户关羽(002)上线了

[2010-05-10 21:05:50]:用户赵云(003)上线了

[2010-05-10 21:07:46]:服务器已经关闭

[2010-05-10 21:07:54]:用户赵云(003)下线了

[2010-05-10 21:07:55]:用户关羽(002)下线了

[2010-05-10 21:07:55]:用户张飞(001)下线了

[2010-05-10 21:07:57]:服务器已经启动服务器的端口:8888

[2010-05-10 21:07:58]:服务器已经关闭

[2010-05-10 21:15:13]:服务器已经启动服务器的端口:8888

[2010-05-10 21:15:20]:用户张飞(001)上线了

[2010-05-10 21:15:43]:用户关羽(002)上线了

[2010-05-10 21:16:42]:用户赵云(003)上线了

[2010-05-10 21:18:56]:用户张飞飞飞(001)下线了

[2010-05-10 21:32:37]:服务器已经启动服务器的端口:8888

[2010-05-10 21:32:43]:用户张飞飞飞(001)上线了

[2010-05-10 21:32:52]:用户关羽啊(002)上线了

[2010-05-10 21:36:25]:服务器已经启动服务器的端口:8888

[2010-05-10 21:36:31]:用户张飞(001)上线了

[2010-05-10 21:36:38]:用户关羽(002)上线了

[2010-05-10 21:39:15]:用户赵云啊啊(003)上线了

[2010-05-10 21:43:59]:服务器已经关闭

[2010-05-10 21:44:01]:用户关羽(002)下线了

[2010-05-10 21:44:03]:用户赵云啊啊(003)下线了

[2010-05-10 21:44:04]:用户张飞(001)下线了

[2010-05-10 21:44:13]:服务器已经启动服务器的端口:8888

[2010-05-10 21:44:19]:用户张飞(001)上线了

[2010-05-10 21:44:25]:用户关羽(002)上线了

[2010-05-10 21:44:32]:用户赵云啊啊(003)上线了

[2010-05-10 21:46:16]:用户诸葛亮(005)上线了

[2010-05-10 21:48:47]:服务器已经关闭

[2010-05-10 21:48:49]:用户张飞as(001)下线了

[2010-05-10 21:48:49]:用户赵云(003)下线了

[2010-05-10 21:48:50]:用户诸葛亮(005)下线了

[2010-05-10 21:48:50]:用户关羽(002)下线了

[2010-05-10 21:55:17]:服务器已经启动服务器的端口:8888

[2010-05-10 21:56:20]:服务器已经启动服务器的端口:8888

[2010-05-10 21:58:01]:服务器已经关闭

