[2010-05-06 07:51:36]:服务器已经启动服务器的端口:8888
[2010-05-06 07:51:50]:用户张飞(001)上线了

[2010-05-06 07:52:01]:用户关羽(002)上线了

[2010-05-06 07:58:57]:用户关羽(002)下线了

[2010-05-06 07:59:43]:服务器已经启动服务器的端口:8888
[2010-05-06 07:59:50]:用户张飞(001)上线了

[2010-05-06 07:59:57]:用户关羽(002)上线了

[2010-05-06 08:00:29]:服务器已经关闭
[2010-05-06 08:00:30]:用户张飞(001)下线了

[2010-05-06 08:00:31]:用户关羽(002)下线了

[2010-05-06 08:01:16]:服务器已经启动服务器的端口:8888
[2010-05-06 08:01:34]:用户张飞(001)上线了

[2010-05-06 08:01:54]:用户关羽(002)上线了

[2010-05-06 08:02:04]:服务器已经关闭
[2010-05-06 08:02:05]:用户关羽(002)下线了

[2010-05-06 08:02:07]:用户张飞(001)下线了

[2010-05-06 08:02:09]:服务器已经启动服务器的端口:8888
[2010-05-06 08:02:16]:用户张飞(001)上线了

[2010-05-06 08:02:27]:用户关羽(002)上线了

[2010-05-06 08:02:37]:用户关羽(002)下线了

[2010-05-06 08:02:41]:用户张飞(001)下线了

[2010-05-06 08:05:26]:用户张飞(001)上线了

[2010-05-06 08:05:29]:服务器已经关闭
[2010-05-06 08:05:33]:用户张飞(001)下线了

[2010-05-06 08:05:34]:服务器已经启动服务器的端口:8888
[2010-05-06 08:05:40]:用户关羽(002)上线了

[2010-05-06 08:06:31]:服务器已经关闭
[2010-05-06 08:06:47]:服务器已经启动服务器的端口:8888
[2010-05-06 08:06:48]:用户张飞(001)上线了

[2010-05-06 08:06:55]:用户张飞(001)下线了

[2010-05-06 08:15:32]:服务器已经启动服务器的端口:8888
[2010-05-06 08:15:40]:用户张飞(001)上线了

[2010-05-06 08:16:06]:用户张飞(001)下线了

[2010-05-06 08:17:12]:用户关羽(002)上线了

[2010-05-06 08:17:29]:服务器已经关闭
[2010-05-06 08:17:30]:用户关羽(002)下线了

[2010-05-06 08:17:31]:服务器已经启动服务器的端口:8888
[2010-05-06 08:17:32]:服务器已经关闭
[2010-05-06 08:17:33]:服务器已经启动服务器的端口:8888
[2010-05-06 08:17:35]:服务器已经关闭
[2010-05-06 08:17:36]:服务器已经启动服务器的端口:8888
[2010-05-06 08:17:36]:服务器已经关闭
[2010-05-06 08:17:36]:服务器已经启动服务器的端口:8888
[2010-05-06 08:17:37]:服务器已经关闭
[2010-05-06 08:17:37]:服务器已经启动服务器的端口:8888
[2010-05-06 08:17:37]:服务器已经关闭
[2010-05-06 08:42:52]:服务器已经启动服务器的端口:8888
[2010-05-06 09:03:09]:服务器已经启动服务器的端口:8888
[2010-05-06 09:03:27]:用户懿(012)上线了

[2010-05-06 09:03:37]:用户懿(012)下线了

[2010-05-06 09:11:31]:服务器已经启动服务器的端口:8888
[2010-05-06 09:13:40]:服务器已经启动服务器的端口:8888
[2010-05-06 09:15:41]:服务器已经启动服务器的端口:8888
[2010-05-06 09:18:39]:服务器已经启动服务器的端口:8888
[2010-05-06 10:26:58]:服务器已经启动服务器的端口:8888
[2010-05-06 10:27:09]:用户司马(013)上线了

[2010-05-06 10:27:19]:用户司马(013)下线了

[2010-05-06 10:56:52]:服务器已经启动服务器的端口:8888
[2010-05-06 10:57:01]:用户关羽(002)上线了

[2010-05-06 10:58:11]:服务器已经启动服务器的端口:8888
[2010-05-06 10:58:36]:用户赵云(003)上线了

[2010-05-06 11:00:57]:服务器已经启动服务器的端口:8888
[2010-05-06 11:01:06]:用户关羽(002)上线了

[2010-05-06 11:02:50]:服务器已经关闭
[2010-05-06 11:02:59]:服务器已经启动服务器的端口:8888
[2010-05-06 11:03:06]:用户张飞1(001)上线了

[2010-05-06 11:05:38]:服务器已经启动服务器的端口:8888
[2010-05-06 11:05:46]:用户张飞1(001)上线了

[2010-05-06 11:07:15]:服务器已经启动服务器的端口:8888
[2010-05-06 11:07:22]:用户张飞1(001)上线了

[2010-05-06 11:09:31]:服务器已经启动服务器的端口:8888
[2010-05-06 11:09:45]:用户张飞1(001)上线了

[2010-05-06 11:09:52]:用户关羽(002)上线了

[2010-05-06 11:16:29]:服务器已经启动服务器的端口:8888
[2010-05-06 11:16:37]:用户张飞1(001)上线了

[2010-05-06 11:18:47]:服务器已经启动服务器的端口:8888
[2010-05-06 11:19:01]:用户张飞1(001)上线了

[2010-05-06 11:19:54]:服务器已经启动服务器的端口:8888
[2010-05-06 11:20:02]:用户关羽(002)上线了

[2010-05-06 11:34:13]:服务器已经启动服务器的端口:8888
[2010-05-06 11:34:21]:用户关羽(002)上线了

[2010-05-06 11:49:53]:服务器已经关闭
[2010-05-06 11:50:02]:服务器已经启动服务器的端口:8888
[2010-05-06 11:50:10]:用户张飞1(001)上线了

[2010-05-06 11:50:33]:服务器已经启动服务器的端口:8888
[2010-05-06 11:50:40]:用户张飞1(001)上线了

[2010-05-06 11:51:36]:用户张飞1(001)下线了

[2010-05-06 11:51:40]:服务器已经关闭
[2010-05-06 11:53:40]:服务器已经启动服务器的端口:8888
[2010-05-06 11:53:49]:用户张飞1(001)上线了

[2010-05-06 11:55:55]:服务器已经关闭
[2010-05-06 13:14:41]:服务器已经启动服务器的端口:8888
[2010-05-06 13:15:10]:用户张飞(001)上线了

[2010-05-06 13:15:17]:用户张飞(001)下线了

[2010-05-06 13:24:26]:服务器已经关闭
[2010-05-06 13:34:33]:服务器已经启动服务器的端口:8888
[2010-05-06 13:34:42]:用户张飞(001)上线了

[2010-05-06 13:34:53]:用户关羽(002)上线了

[2010-05-06 13:35:18]:用户关羽(002)下线了

[2010-05-06 13:35:20]:用户张飞(001)下线了

[2010-05-06 13:35:24]:服务器已经关闭
[2010-05-06 13:38:14]:服务器已经启动服务器的端口:8888
[2010-05-06 13:38:32]:用户张飞(001)上线了

[2010-05-06 13:38:38]:用户关羽(002)上线了

[2010-05-06 13:38:43]:用户赵云(003)上线了

[2010-05-06 13:39:02]:服务器已经关闭
[2010-05-06 13:39:03]:用户关羽(002)下线了

[2010-05-06 13:39:04]:用户张飞(001)下线了

[2010-05-06 13:39:07]:服务器已经启动服务器的端口:8888
[2010-05-06 13:47:57]:服务器已经关闭
[2010-05-06 13:48:14]:服务器已经启动服务器的端口:8888
[2010-05-06 13:48:29]:用户张飞(001)上线了

[2010-05-06 13:48:35]:用户关羽(002)上线了

[2010-05-06 13:48:42]:用户赵云(003)上线了

[2010-05-06 13:49:29]:服务器已经关闭
[2010-05-06 14:18:08]:服务器已经启动服务器的端口:8888
[2010-05-06 14:18:15]:用户张飞(001)上线了

[2010-05-06 14:27:59]:服务器已经启动服务器的端口:8888
[2010-05-06 14:28:09]:用户张飞(001)上线了

[2010-05-06 15:25:56]:服务器已经启动服务器的端口:8888
[2010-05-06 15:26:09]:用户张飞(001)上线了

[2010-05-06 15:27:57]:服务器已经启动服务器的端口:8888
[2010-05-06 15:28:06]:用户张飞(001)上线了

[2010-05-06 15:35:52]:服务器已经启动服务器的端口:8888
[2010-05-06 15:36:14]:用户关羽(002)上线了

[2010-05-06 15:37:37]:服务器已经启动服务器的端口:8888
[2010-05-06 15:37:46]:用户张飞1(001)上线了

[2010-05-06 16:20:21]:用户张飞(001)下线了

[2010-05-06 16:37:07]:服务器已经关闭
[2010-05-06 16:40:20]:服务器已经启动服务器的端口:8888
[2010-05-06 16:40:30]:用户张飞(001)上线了

[2010-05-06 16:42:29]:服务器已经关闭
[2010-05-06 16:42:48]:服务器已经启动服务器的端口:8888
[2010-05-06 16:42:55]:用户张飞111(001)上线了

[2010-05-06 16:47:13]:服务器已经启动服务器的端口:8888
[2010-05-06 16:47:24]:用户张飞(001)上线了

[2010-05-06 16:49:05]:用户关羽(002)上线了

[2010-05-06 16:54:05]:用户赵云(003)上线了

[2010-05-06 16:55:21]:用户诸葛亮(005)上线了

[2010-05-06 16:56:40]:服务器已经关闭
[2010-05-06 16:56:45]:用户诸葛亮(005)下线了

[2010-05-06 16:56:58]:服务器已经启动服务器的端口:8888
[2010-05-06 16:57:01]:服务器已经关闭
[2010-05-06 16:57:36]:服务器已经启动服务器的端口:8888
[2010-05-06 16:57:44]:用户张飞adasdasdasd(001)上线了

[2010-05-06 16:57:53]:用户关羽(002)上线了

[2010-05-06 16:58:35]:用户赵云(003)上线了

[2010-05-06 17:00:43]:用户诸葛亮(005)上线了

[2010-05-06 17:01:35]:服务器已经关闭
[2010-05-06 17:01:43]:用户诸葛亮(005)下线了

[2010-05-06 17:01:53]:用户赵云(003)下线了

[2010-05-06 17:06:28]:服务器已经启动服务器的端口:8888
[2010-05-06 17:06:40]:用户张飞adasdasdasd(001)上线了

[2010-05-06 17:06:49]:用户关羽(002)上线了

[2010-05-06 17:07:09]:用户赵云(003)上线了

[2010-05-06 17:51:23]:服务器已经启动服务器的端口:8888
[2010-05-06 17:51:45]:用户张飞adasdasdasd(001)上线了

[2010-05-06 17:51:59]:用户关羽(002)上线了

[2010-05-06 17:54:27]:服务器已经关闭
[2010-05-06 17:54:33]:服务器已经启动服务器的端口:8888
[2010-05-06 17:54:43]:用户张飞adasdasdasd(001)上线了

[2010-05-06 17:55:09]:用户关羽(002)上线了

[2010-05-06 17:55:46]:用户赵云(003)上线了

[2010-05-06 17:57:37]:服务器已经关闭
[2010-05-06 17:57:39]:用户赵云(003)下线了

[2010-05-06 18:00:18]:服务器已经启动服务器的端口:8888
[2010-05-06 18:00:19]:服务器已经关闭
[2010-05-06 18:02:05]:服务器已经启动服务器的端口:8888
[2010-05-06 18:02:11]:用户张飞(001)上线了

[2010-05-06 18:02:25]:用户关羽(002)上线了

[2010-05-06 18:02:33]:用户赵云(003)上线了

[2010-05-06 18:05:38]:服务器已经关闭
[2010-05-06 18:05:41]:用户赵云(003)下线了

[2010-05-06 18:05:42]:用户关羽(002)下线了

[2010-05-06 18:05:43]:用户张飞(001)下线了

[2010-05-06 18:08:08]:服务器已经启动服务器的端口:8888
[2010-05-06 18:08:34]:用户张飞(001)上线了

[2010-05-06 18:08:51]:用户关羽(002)上线了

[2010-05-06 18:09:54]:服务器已经关闭
[2010-05-06 18:10:15]:服务器已经启动服务器的端口:8888
[2010-05-06 18:10:21]:用户张飞(001)上线了

[2010-05-06 18:10:36]:用户诸葛亮(005)上线了

[2010-05-06 18:12:55]:服务器已经关闭
[2010-05-06 18:13:12]:服务器已经启动服务器的端口:8888
[2010-05-06 18:13:19]:用户张飞(001)上线了

[2010-05-06 18:13:33]:用户关羽(002)上线了

[2010-05-06 18:14:27]:用户赵云(003)上线了

[2010-05-06 18:14:47]:用户关羽(002)下线了

[2010-05-06 18:14:57]:用户张飞(001)下线了

[2010-05-06 18:15:01]:用户赵云(003)下线了

[2010-05-06 18:28:54]:服务器已经启动服务器的端口:8888
[2010-05-06 18:29:01]:用户张飞(001)上线了

[2010-05-06 18:29:22]:用户关羽(002)上线了

[2010-05-06 18:30:52]:服务器已经启动服务器的端口:8888
[2010-05-06 18:30:59]:用户张飞(001)上线了

[2010-05-06 18:31:16]:用户关羽(002)上线了

[2010-05-06 19:07:08]:服务器已经启动服务器的端口:8888
[2010-05-06 19:55:41]:服务器已经启动服务器的端口:8888
[2010-05-06 19:55:49]:用户张飞(001)上线了

[2010-05-06 19:57:50]:服务器已经启动服务器的端口:8888
[2010-05-06 19:57:59]:用户张飞(001)上线了

[2010-05-06 19:59:49]:服务器已经启动服务器的端口:8888
[2010-05-06 20:00:05]:服务器已经关闭
[2010-05-06 20:00:30]:服务器已经启动服务器的端口:8888
[2010-05-06 20:00:35]:用户张飞A(001)上线了

[2010-05-06 20:00:44]:用户关羽(002)上线了

[2010-05-06 20:04:02]:服务器已经启动服务器的端口:8888
[2010-05-06 20:04:24]:用户张飞(001)上线了

[2010-05-06 20:09:54]:服务器已经关闭
[2010-05-06 20:10:04]:服务器已经启动服务器的端口:8888
[2010-05-06 20:10:10]:用户张飞qwe(001)上线了

[2010-05-06 20:10:42]:用户张飞qwe(001)上线了

[2010-05-06 20:10:58]:用户张飞qwe(001)上线了

[2010-05-06 20:12:13]:服务器已经关闭
[2010-05-06 20:12:32]:服务器已经启动服务器的端口:8888
[2010-05-06 20:12:39]:用户张飞qwe(001)上线了

[2010-05-06 20:13:00]:用户张飞qwe(001)上线了

[2010-05-06 20:17:27]:服务器已经关闭
[2010-05-06 20:27:07]:服务器已经启动服务器的端口:8888
[2010-05-06 20:27:14]:用户张飞(001)上线了

[2010-05-06 20:27:21]:用户关羽(002)上线了

[2010-05-06 20:33:44]:服务器已经启动服务器的端口:8888
[2010-05-06 20:33:50]:用户张飞(001)上线了

[2010-05-06 20:34:41]:服务器已经关闭
[2010-05-06 20:34:50]:服务器已经启动服务器的端口:8888
[2010-05-06 20:34:59]:用户张飞(001)上线了

[2010-05-06 20:44:30]:服务器已经启动服务器的端口:8888
[2010-05-06 20:44:40]:用户张飞(001)上线了

[2010-05-06 20:47:02]:服务器已经关闭
[2010-05-06 20:48:59]:服务器已经启动服务器的端口:8888
[2010-05-06 20:49:06]:用户张飞asd(001)上线了

[2010-05-06 20:57:29]:服务器已经启动服务器的端口:8888
[2010-05-06 20:57:35]:用户张飞(001)上线了

[2010-05-06 20:57:42]:用户关羽(002)上线了

[2010-05-06 20:58:11]:用户关羽(002)下线了

[2010-05-06 20:59:18]:服务器已经启动服务器的端口:8888
[2010-05-06 20:59:26]:用户张飞(001)上线了

[2010-05-06 20:59:37]:用户关羽(002)上线了

[2010-05-06 21:08:11]:服务器已经启动服务器的端口:8888
[2010-05-06 21:08:20]:用户张飞(001)上线了

[2010-05-06 21:08:29]:用户关羽(002)上线了

[2010-05-06 21:10:17]:服务器已经启动服务器的端口:8888
[2010-05-06 21:10:23]:用户张飞(001)上线了

[2010-05-06 21:10:39]:用户关羽(002)上线了

[2010-05-06 21:15:01]:服务器已经关闭
[2010-05-06 21:15:09]:用户关羽(002)下线了

[2010-05-06 21:15:15]:服务器已经启动服务器的端口:8888
[2010-05-06 21:23:20]:服务器已经关闭
[2010-05-06 21:26:27]:服务器已经启动服务器的端口:8888
[2010-05-06 21:26:29]:服务器已经关闭
[2010-05-06 21:28:29]:服务器已经启动服务器的端口:8888
[2010-05-06 21:30:38]:用户张飞(001)上线了

[2010-05-06 21:32:37]:服务器已经启动服务器的端口:8888
[2010-05-06 21:32:47]:用户张飞(001)上线了

