[2010-05-11 18:39:44]:服务器已经启动服务器的端口:8888

[2010-05-11 18:39:45]:服务器已经关闭

[2010-05-11 18:40:17]:服务器已经启动服务器的端口:8888

[2010-05-11 18:40:18]:服务器已经关闭

[2010-05-11 18:40:19]:服务器已经启动服务器的端口:8888

[2010-05-11 18:40:20]:服务器已经关闭

[2010-05-11 18:40:25]:服务器已经启动服务器的端口:8888

[2010-05-11 18:40:26]:服务器已经关闭

[2010-05-11 18:42:16]:服务器已经启动服务器的端口:8888

[2010-05-11 18:42:17]:服务器已经关闭

[2010-05-11 18:42:18]:服务器已经启动服务器的端口:8888

[2010-05-11 18:42:19]:服务器已经关闭

[2010-05-11 18:42:20]:服务器已经启动服务器的端口:8888

[2010-05-11 18:42:21]:服务器已经关闭

[2010-05-11 18:42:22]:服务器已经启动服务器的端口:8888

[2010-05-11 18:42:34]:服务器已经启动服务器的端口:8888

[2010-05-11 18:42:35]:服务器已经关闭

[2010-05-11 18:42:35]:服务器已经启动服务器的端口:8888

[2010-05-11 18:42:36]:服务器已经关闭

[2010-05-11 18:42:37]:服务器已经启动服务器的端口:8888

[2010-05-11 18:42:38]:服务器已经关闭

[2010-05-11 18:42:45]:服务器已经启动服务器的端口:8888

[2010-05-11 18:42:46]:服务器已经关闭

[2010-05-11 08:38:31]:服务器已经启动服务器的端口:8888

[2010-05-11 08:38:32]:服务器已经关闭

[2010-05-11 09:16:27]:服务器已经启动服务器的端口:8888

[2010-05-11 10:20:27]:服务器已经启动服务器的端口:8888

[2010-05-11 10:20:28]:服务器已经关闭

[2010-05-11 10:20:34]:服务器已经启动服务器的端口:8888

[2010-05-11 10:20:36]:服务器已经关闭

[2010-05-11 10:20:39]:服务器已经启动服务器的端口:8888

[2010-05-11 10:20:40]:服务器已经关闭

[2010-05-11 10:20:41]:服务器已经启动服务器的端口:8888

[2010-05-11 10:20:42]:服务器已经关闭

[2010-05-11 10:21:07]:服务器已经启动服务器的端口:8888

[2010-05-11 10:21:09]:服务器已经关闭

[2010-05-11 10:21:17]:服务器已经启动服务器的端口:8888

[2010-05-11 10:21:20]:服务器已经关闭

[2010-05-11 10:21:21]:服务器已经启动服务器的端口:8888

[2010-05-11 10:21:28]:服务器已经关闭

[2010-05-11 10:21:29]:服务器已经启动服务器的端口:8888

[2010-05-11 10:21:30]:服务器已经关闭

[2010-05-11 10:21:31]:服务器已经启动服务器的端口:8888

[2010-05-11 10:21:31]:服务器已经关闭

[2010-05-11 10:21:33]:服务器已经启动服务器的端口:8888

[2010-05-11 10:22:17]:服务器已经启动服务器的端口:8888

[2010-05-11 10:22:18]:服务器已经关闭

[2010-05-11 10:25:37]:服务器已经启动服务器的端口:8888

[2010-05-11 10:26:04]:用户张飞(001)上线了

[2010-05-11 10:41:32]:服务器已经关闭

[2010-05-11 10:41:34]:用户张飞(001)下线了

[2010-05-11 11:02:19]:服务器已经启动服务器的端口:8888

[2010-05-11 11:02:36]:用户张飞(00001)上线了

[2010-05-11 11:04:51]:用户张飞aaa(00001)下线了

[2010-05-11 11:04:53]:服务器已经关闭

[2010-05-11 11:22:26]:服务器已经启动服务器的端口:8888

[2010-05-11 11:23:14]:服务器已经关闭

[2010-05-11 11:25:34]:服务器已经启动服务器的端口:8888

[2010-05-11 11:25:36]:用户张飞aaa(00001)上线了

[2010-05-11 11:31:59]:服务器已经关闭

[2010-05-11 11:33:16]:服务器已经启动服务器的端口:8888

[2010-05-11 12:03:58]:服务器已经启动服务器的端口:8888

[2010-05-11 12:04:41]:用户关羽(00002)上线了

[2010-05-11 12:05:37]:用户张飞aaa(00001)上线了

[2010-05-11 12:06:13]:用户张飞aaa(00001)下线了

[2010-05-11 12:06:17]:用户关羽(00002)下线了

[2010-05-11 12:06:46]:服务器已经启动服务器的端口:8888

[2010-05-11 12:06:50]:用户张飞aaa(00001)上线了

[2010-05-11 12:06:55]:服务器已经关闭

[2010-05-11 12:07:02]:用户张飞aaa(00001)下线了

[2010-05-11 12:07:06]:服务器已经启动服务器的端口:8888

[2010-05-11 12:07:18]:用户张飞aaa(00001)上线了

[2010-05-11 12:07:21]:服务器已经关闭

[2010-05-11 12:07:23]:服务器已经启动服务器的端口:8888

[2010-05-11 12:07:28]:用户张飞aaa(00001)下线了

[2010-05-11 12:07:30]:服务器已经关闭

[2010-05-11 13:01:40]:服务器已经启动服务器的端口:8888

[2010-05-11 13:01:49]:用户张飞aaa(00001)上线了

